# JRE version: OpenJDK Runtime Environment Temurin-17.0.3+7 (17.0.3+7) (build 17.0.3+7)
# Java VM: OpenJDK 64-Bit Server VM Temurin-17.0.3+7 (17.0.3+7, mixed mode, emulated-client, tiered, compressed oops, compressed class ptrs, g1 gc, windows-amd64)
GC Precious Log:
 CPUs: 2 total, 2 available
 Memory: 4009M
 Large Page Support: Disabled
 NUMA Support: Disabled
 Compressed Oops: Enabled (32-bit)
 Heap Region Size: 1M
 Heap Min Capacity: 8M
 Heap Initial Capacity: 64M
 Heap Max Capacity: 1004M
 Pre-touch: Disabled
 Parallel Workers: 2
 Concurrent Workers: 1
 Concurrent Refinement Workers: 2
 Periodic GC: Disabled
Heap:
 garbage-first heap   total 45056K, used 24103K [0x00000000c1400000, 0x0000000100000000)
  region size 1024K, 13 young (13312K), 3 survivors (3072K)
 Metaspace       used 30299K, committed 30528K, reserved 1081344K
  class space    used 3800K, committed 3904K, reserved 1048576K
GC Heap History (18 events):
Event: 24.442 GC heap before
{Heap before GC invocations=0 (full 0):
 garbage-first heap   total 65536K, used 5120K [0x00000000c1400000, 0x0000000100000000)
  region size 1024K, 6 young (6144K), 0 survivors (0K)
 Metaspace       used 5403K, committed 5568K, reserved 1056768K
  class space    used 529K, committed 640K, reserved 1048576K
}
Event: 24.460 GC heap after
{Heap after GC invocations=1 (full 0):
 garbage-first heap   total 65536K, used 3666K [0x00000000c1400000, 0x0000000100000000)
  region size 1024K, 1 young (1024K), 1 survivors (1024K)
 Metaspace       used 5403K, committed 5568K, reserved 1056768K
  class space    used 529K, committed 640K, reserved 1048576K
}
Event: 26.300 GC heap before
{Heap before GC invocations=1 (full 0):
 garbage-first heap   total 65536K, used 5714K [0x00000000c1400000, 0x0000000100000000)
  region size 1024K, 3 young (3072K), 1 survivors (1024K)
 Metaspace       used 5404K, committed 5568K, reserved 1056768K
  class space    used 529K, committed 640K, reserved 1048576K
}
Event: 26.304 GC heap after
{Heap after GC invocations=2 (full 0):
 garbage-first heap   total 65536K, used 4504K [0x00000000c1400000, 0x0000000100000000)
  region size 1024K, 1 young (1024K), 1 survivors (1024K)
 Metaspace       used 5404K, committed 5568K, reserved 1056768K
  class space    used 529K, committed 640K, reserved 1048576K
}
Event: 34.608 GC heap before
{Heap before GC invocations=2 (full 0):
 garbage-first heap   total 65536K, used 10648K [0x00000000c1400000, 0x0000000100000000)
  region size 1024K, 8 young (8192K), 1 survivors (1024K)
 Metaspace       used 7552K, committed 7680K, reserved 1056768K
  class space    used 813K, committed 896K, reserved 1048576K
}
Event: 34.615 GC heap after
{Heap after GC invocations=3 (full 0):
 garbage-first heap   total 65536K, used 6766K [0x00000000c1400000, 0x0000000100000000)
  region size 1024K, 1 young (1024K), 1 survivors (1024K)
 Metaspace       used 7552K, committed 7680K, reserved 1056768K
  class space    used 813K, committed 896K, reserved 1048576K
}
Event: 43.810 GC heap before
{Heap before GC invocations=3 (full 0):
 garbage-first heap   total 65536K, used 19054K [0x00000000c1400000, 0x0000000100000000)
  region size 1024K, 13 young (13312K), 1 survivors (1024K)
 Metaspace       used 11837K, committed 11968K, reserved 1064960K
  class space    used 1407K, committed 1472K, reserved 1048576K
}
Event: 43.821 GC heap after
{Heap after GC invocations=4 (full 0):
 garbage-first heap   total 65536K, used 8479K [0x00000000c1400000, 0x0000000100000000)
  region size 1024K, 2 young (2048K), 2 survivors (2048K)
 Metaspace       used 11837K, committed 11968K, reserved 1064960K
  class space    used 1407K, committed 1472K, reserved 1048576K
}
Event: 53.496 GC heap before
{Heap before GC invocations=4 (full 0):
 garbage-first heap   total 65536K, used 37151K [0x00000000c1400000, 0x0000000100000000)
  region size 1024K, 30 young (30720K), 2 survivors (2048K)
 Metaspace       used 20037K, committed 20288K, reserved 1073152K
  class space    used 2387K, committed 2496K, reserved 1048576K
}
Event: 53.517 GC heap after
{Heap after GC invocations=5 (full 0):
 garbage-first heap   total 65536K, used 10765K [0x00000000c1400000, 0x0000000100000000)
  region size 1024K, 4 young (4096K), 4 survivors (4096K)
 Metaspace       used 20037K, committed 20288K, reserved 1073152K
  class space    used 2387K, committed 2496K, reserved 1048576K
}
Event: 54.979 GC heap before
{Heap before GC invocations=5 (full 0):
 garbage-first heap   total 65536K, used 15885K [0x00000000c1400000, 0x0000000100000000)
  region size 1024K, 11 young (11264K), 4 survivors (4096K)
 Metaspace       used 21294K, committed 21504K, reserved 1073152K
  class space    used 2580K, committed 2688K, reserved 1048576K
}
Event: 55.002 GC heap after
{Heap after GC invocations=6 (full 0):
 garbage-first heap   total 65536K, used 11334K [0x00000000c1400000, 0x0000000100000000)
  region size 1024K, 1 young (1024K), 1 survivors (1024K)
 Metaspace       used 21294K, committed 21504K, reserved 1073152K
  class space    used 2580K, committed 2688K, reserved 1048576K
}
Event: 100.378 GC heap before
{Heap before GC invocations=7 (full 0):
 garbage-first heap   total 45056K, used 35910K [0x00000000c1400000, 0x0000000100000000)
  region size 1024K, 26 young (26624K), 1 survivors (1024K)
 Metaspace       used 25351K, committed 25536K, reserved 1073152K
  class space    used 3114K, committed 3200K, reserved 1048576K
}
Event: 100.394 GC heap after
{Heap after GC invocations=8 (full 0):
 garbage-first heap   total 45056K, used 12878K [0x00000000c1400000, 0x0000000100000000)
  region size 1024K, 3 young (3072K), 3 survivors (3072K)
 Metaspace       used 25351K, committed 25536K, reserved 1073152K
  class space    used 3114K, committed 3200K, reserved 1048576K
}
Event: 133.228 GC heap before
{Heap before GC invocations=8 (full 0):
 garbage-first heap   total 45056K, used 12878K [0x00000000c1400000, 0x0000000100000000)
  region size 1024K, 4 young (4096K), 3 survivors (3072K)
 Metaspace       used 25641K, committed 25856K, reserved 1073152K
  class space    used 3152K, committed 3264K, reserved 1048576K
}
Event: 133.241 GC heap after
{Heap after GC invocations=9 (full 0):
 garbage-first heap   total 45056K, used 13143K [0x00000000c1400000, 0x0000000100000000)
  region size 1024K, 1 young (1024K), 1 survivors (1024K)
 Metaspace       used 25641K, committed 25856K, reserved 1073152K
  class space    used 3152K, committed 3264K, reserved 1048576K
}
Event: 147.524 GC heap before
{Heap before GC invocations=9 (full 0):
 garbage-first heap   total 45056K, used 29527K [0x00000000c1400000, 0x0000000100000000)
  region size 1024K, 18 young (18432K), 1 survivors (1024K)
 Metaspace       used 28105K, committed 28352K, reserved 1081344K
  class space    used 3517K, committed 3648K, reserved 1048576K
}
Event: 147.534 GC heap after
{Heap after GC invocations=10 (full 0):
 garbage-first heap   total 45056K, used 14887K [0x00000000c1400000, 0x0000000100000000)
  region size 1024K, 3 young (3072K), 3 survivors (3072K)
 Metaspace       used 28105K, committed 28352K, reserved 1081344K
  class space    used 3517K, committed 3648K, reserved 1048576K
}

